<?xml version="1.0" encoding="UTF-8"?>
<!-- Generated by org.testng.reporters.JUnitXMLReporter -->
<testsuite hostname="zurbagan3" ignored="1" name="Test02" tests="3" failures="2" timestamp="20 мая 2019 15:36:13 GMT" time="0.008" errors="0">
  <testcase name="checker01Test" time="0.001" classname="org.andestech.learning.rfb19.g4.AppTest"/>
  <testcase name="checker06Test" time="0.0" classname="org.andestech.learning.rfb19.g4.App2Test">
    <failure type="java.lang.ArithmeticException" message="/ by zero">
      <![CDATA[java.lang.ArithmeticException: / by zero
at org.andestech.learning.rfb19.g4.App2Test.checker06Test(App2Test.java:36)
... Removed 24 stack frames]]>
    </failure>
  </testcase> <!-- checker06Test -->
  <testcase name="checker02Test" time="0.002" classname="org.andestech.learning.rfb19.g4.AppTest">
    <failure type="java.lang.AssertionError" message="expected [true] but found [false]">
      <![CDATA[java.lang.AssertionError: expected [true] but found [false]
at org.andestech.learning.rfb19.g4.AppTest.checker02Test(AppTest.java:30)
... Removed 28 stack frames]]>
    </failure>
  </testcase> <!-- checker02Test -->
  <testcase name="checker03Test" time="0.0" classname="org.andestech.learning.rfb19.g4.App2Test">
    <ignored/>
  </testcase> <!-- checker03Test -->
</testsuite> <!-- Test02 -->
